TN:
SF:src\codegen.ts
FN:11,isStringExpr
FN:26,generate
FN:28,(anonymous_2)
FN:36,(anonymous_3)
FN:40,(anonymous_4)
FN:53,genFn
FN:56,(anonymous_6)
FN:62,(anonymous_7)
FN:70,indent
FN:73,(anonymous_9)
FN:80,genStmt
FN:107,(anonymous_11)
FN:110,(anonymous_12)
FN:118,(anonymous_13)
FN:132,mapTypeToC
FN:148,genExpr
FNF:16
FNH:16
FNDA:16,isStringExpr
FNDA:9,generate
FNDA:12,(anonymous_2)
FNDA:2,(anonymous_3)
FNDA:8,(anonymous_4)
FNDA:12,genFn
FNDA:3,(anonymous_6)
FNDA:17,(anonymous_7)
FNDA:24,indent
FNDA:33,(anonymous_9)
FNDA:29,genStmt
FNDA:3,(anonymous_11)
FNDA:2,(anonymous_12)
FNDA:2,(anonymous_13)
FNDA:19,mapTypeToC
FNDA:48,genExpr
DA:12,16
DA:13,14
DA:14,10
DA:15,7
DA:27,9
DA:28,12
DA:29,9
DA:30,9
DA:31,9
DA:34,9
DA:35,11
DA:36,3
DA:37,3
DA:40,8
DA:42,8
DA:43,10
DA:44,10
DA:47,7
DA:54,12
DA:55,12
DA:56,12
DA:58,12
DA:59,12
DA:60,3
DA:62,17
DA:63,12
DA:64,12
DA:71,24
DA:73,33
DA:81,29
DA:83,4
DA:84,4
DA:88,2
DA:91,3
DA:94,12
DA:95,12
DA:96,4
DA:97,1
DA:98,1
DA:100,3
DA:102,8
DA:106,3
DA:107,3
DA:108,3
DA:109,3
DA:110,2
DA:111,2
DA:113,3
DA:117,2
DA:118,2
DA:119,2
DA:123,3
DA:133,19
DA:135,3
DA:137,6
DA:139,7
DA:141,3
DA:149,48
DA:151,18
DA:153,4
DA:155,14
DA:157,6
DA:159,6
DA:164,2
LF:64
LH:64
BRDA:12,0,0,2
BRDA:12,0,1,14
BRDA:13,1,0,4
BRDA:13,1,1,10
BRDA:14,2,0,3
BRDA:14,2,1,7
BRDA:35,3,0,3
BRDA:35,3,1,8
BRDA:36,4,0,3
BRDA:36,4,1,2
BRDA:40,5,0,2
BRDA:40,5,1,6
BRDA:55,6,0,9
BRDA:55,6,1,3
BRDA:56,7,0,9
BRDA:56,7,1,3
BRDA:56,8,0,3
BRDA:56,8,1,1
BRDA:63,9,0,8
BRDA:63,9,1,3
BRDA:81,10,0,4
BRDA:81,10,1,2
BRDA:81,10,2,3
BRDA:81,10,3,12
BRDA:81,10,4,3
BRDA:81,10,5,2
BRDA:81,10,6,3
BRDA:95,11,0,4
BRDA:95,11,1,8
BRDA:96,12,0,1
BRDA:96,12,1,3
BRDA:109,13,0,2
BRDA:109,13,1,1
BRDA:133,14,0,3
BRDA:133,14,1,6
BRDA:133,14,2,7
BRDA:133,14,3,3
BRDA:149,15,0,18
BRDA:149,15,1,4
BRDA:149,15,2,14
BRDA:149,15,3,6
BRDA:149,15,4,6
BRF:42
BRH:42
end_of_record
TN:
SF:src\lexer.ts
FN:57,lex
FNF:1
FNH:1
FNDA:88,lex
DA:37,2
DA:58,88
DA:59,88
DA:60,88
DA:62,88
DA:63,867
DA:66,867
DA:67,7
DA:68,7
DA:69,7
DA:71,860
DA:72,316
DA:73,316
DA:77,544
DA:78,35
DA:79,2
DA:83,542
DA:84,32
DA:85,39
DA:86,32
DA:87,32
DA:91,510
DA:92,6
DA:93,6
DA:94,6
DA:95,23
DA:96,2
DA:97,2
DA:98,21
DA:100,6
DA:101,6
DA:102,6
DA:106,504
DA:107,244
DA:108,761
DA:109,244
DA:110,244
DA:111,244
DA:115,260
DA:116,260
DA:117,3
DA:118,3
DA:119,3
DA:121,257
DA:122,3
DA:123,3
DA:124,3
DA:126,254
DA:127,3
DA:128,3
DA:129,3
DA:131,251
DA:132,3
DA:133,3
DA:134,3
DA:138,248
DA:153,248
DA:154,245
DA:155,245
DA:156,245
DA:159,3
DA:162,85
DA:163,85
LF:63
LH:63
BRDA:66,0,0,7
BRDA:66,0,1,860
BRDA:71,1,0,316
BRDA:71,1,1,544
BRDA:77,2,0,2
BRDA:77,2,1,542
BRDA:77,3,0,544
BRDA:77,3,1,5
BRDA:78,4,0,2
BRDA:78,4,1,37
BRDA:83,5,0,32
BRDA:83,5,1,510
BRDA:85,6,0,32
BRDA:85,6,1,66
BRDA:91,7,0,6
BRDA:91,7,1,504
BRDA:94,8,0,6
BRDA:94,8,1,29
BRDA:95,9,0,2
BRDA:95,9,1,21
BRDA:95,10,0,23
BRDA:95,10,1,2
BRDA:106,11,0,244
BRDA:106,11,1,260
BRDA:108,12,0,244
BRDA:108,12,1,991
BRDA:109,13,0,244
BRDA:109,13,1,156
BRDA:116,14,0,3
BRDA:116,14,1,257
BRDA:121,15,0,3
BRDA:121,15,1,254
BRDA:126,16,0,3
BRDA:126,16,1,251
BRDA:131,17,0,3
BRDA:131,17,1,248
BRDA:153,18,0,245
BRDA:153,18,1,3
BRF:38
BRH:38
end_of_record
TN:
SF:src\parser.ts
FN:54,(anonymous_0)
FN:58,(anonymous_1)
FN:61,(anonymous_2)
FN:65,(anonymous_3)
FN:69,(anonymous_4)
FN:77,(anonymous_5)
FN:92,(anonymous_6)
FN:106,(anonymous_7)
FN:143,(anonymous_8)
FN:157,(anonymous_9)
FN:225,(anonymous_10)
FN:232,(anonymous_11)
FN:245,(anonymous_12)
FN:257,(anonymous_13)
FN:269,(anonymous_14)
FN:283,(anonymous_15)
FNF:16
FNH:16
FNDA:42,(anonymous_0)
FNDA:1085,(anonymous_1)
FNDA:441,(anonymous_2)
FNDA:575,(anonymous_3)
FNDA:325,(anonymous_4)
FNDA:45,(anonymous_5)
FNDA:41,(anonymous_6)
FNDA:41,(anonymous_7)
FNDA:43,(anonymous_8)
FNDA:37,(anonymous_9)
FNDA:42,(anonymous_10)
FNDA:42,(anonymous_11)
FNDA:48,(anonymous_12)
FNDA:53,(anonymous_13)
FNDA:56,(anonymous_14)
FNDA:56,(anonymous_15)
DA:52,42
DA:55,42
DA:59,1085
DA:62,441
DA:66,575
DA:70,325
DA:71,325
DA:72,1
DA:74,324
DA:78,45
DA:79,5
DA:80,5
DA:82,40
DA:93,41
DA:94,41
DA:95,41
DA:97,38
DA:107,41
DA:108,41
DA:109,41
DA:110,41
DA:111,41
DA:112,3
DA:116,3
DA:117,2
DA:123,40
DA:125,40
DA:126,40
DA:127,38
DA:128,2
DA:129,1
DA:132,39
DA:133,39
DA:134,39
DA:135,39
DA:144,43
DA:145,43
DA:146,37
DA:147,37
DA:149,42
DA:158,37
DA:160,37
DA:161,4
DA:162,4
DA:163,4
DA:164,4
DA:165,4
DA:166,4
DA:169,33
DA:170,22
DA:171,22
DA:172,22
DA:175,11
DA:176,6
DA:177,6
DA:178,6
DA:179,6
DA:180,6
DA:183,5
DA:184,2
DA:185,2
DA:186,2
DA:187,2
DA:188,2
DA:189,2
DA:190,2
DA:191,1
DA:192,1
DA:193,1
DA:194,1
DA:196,2
DA:199,3
DA:200,1
DA:201,1
DA:202,1
DA:203,1
DA:204,1
DA:205,1
DA:209,2
DA:210,1
DA:211,1
DA:212,1
DA:213,1
DA:216,1
DA:226,42
DA:233,42
DA:234,42
DA:235,42
DA:236,6
DA:237,6
DA:239,41
DA:246,48
DA:247,48
DA:248,5
DA:249,5
DA:251,47
DA:258,53
DA:259,53
DA:260,3
DA:261,3
DA:263,52
DA:270,56
DA:271,1
DA:272,1
DA:273,1
DA:275,55
DA:284,56
DA:286,56
DA:287,21
DA:288,21
DA:290,35
DA:291,3
DA:292,3
DA:295,32
DA:296,30
DA:297,30
DA:298,4
DA:299,4
DA:300,4
DA:301,2
DA:302,2
DA:304,4
DA:305,4
DA:307,26
DA:310,2
DA:311,1
DA:312,1
DA:313,1
DA:314,1
DA:317,1
LF:130
LH:130
BRDA:71,0,0,1
BRDA:71,0,1,324
BRDA:78,1,0,5
BRDA:78,1,1,40
BRDA:111,2,0,3
BRDA:111,2,1,38
BRDA:126,3,0,38
BRDA:126,3,1,2
BRDA:128,4,0,1
BRDA:128,4,1,1
BRDA:145,5,0,43
BRDA:145,5,1,37
BRDA:160,6,0,4
BRDA:160,6,1,33
BRDA:169,7,0,22
BRDA:169,7,1,11
BRDA:175,8,0,6
BRDA:175,8,1,5
BRDA:183,9,0,2
BRDA:183,9,1,3
BRDA:190,10,0,1
BRDA:190,10,1,1
BRDA:199,11,0,1
BRDA:199,11,1,2
BRDA:209,12,0,1
BRDA:209,12,1,1
BRDA:209,13,0,2
BRDA:209,13,1,2
BRDA:247,14,0,48
BRDA:247,14,1,48
BRDA:259,15,0,53
BRDA:259,15,1,53
BRDA:270,16,0,1
BRDA:270,16,1,55
BRDA:286,17,0,21
BRDA:286,17,1,35
BRDA:290,18,0,3
BRDA:290,18,1,32
BRDA:295,19,0,30
BRDA:295,19,1,2
BRDA:297,20,0,4
BRDA:297,20,1,26
BRDA:300,21,0,2
BRDA:300,21,1,2
BRDA:310,22,0,1
BRDA:310,22,1,1
BRF:46
BRH:46
end_of_record
